<?xml version="1.0" encoding="UTF-8"?>
<testng-results ignored="0" total="4" passed="3" failed="1" skipped="0">
  <reporter-output>
  </reporter-output>
  <suite started-at="2021-04-01T18:12:53 IST" name="Suite" finished-at="2021-04-01T18:13:47 IST" duration-ms="54487">
    <groups>
    </groups>
    <test started-at="2021-04-01T18:12:53 IST" name="ValidateContents" finished-at="2021-04-01T18:13:23 IST" duration-ms="30173">
      <class name="Design.Framework.ValidateContents">
        <test-method signature="basePageNavigation()[pri:0, instance:Design.Framework.ValidateContents@c65a5ef]" started-at="2021-04-01T18:12:53 IST" name="basePageNavigation" finished-at="2021-04-01T18:13:23 IST" duration-ms="29693" status="PASS">
          <reporter-output>
          </reporter-output>
        </test-method> <!-- basePageNavigation -->
        <test-method is-config="true" signature="close()[pri:0, instance:Design.Framework.ValidateContents@c65a5ef]" started-at="2021-04-01T18:13:23 IST" name="close" finished-at="2021-04-01T18:13:23 IST" duration-ms="406" status="PASS">
          <reporter-output>
          </reporter-output>
        </test-method> <!-- close -->
      </class> <!-- Design.Framework.ValidateContents -->
    </test> <!-- ValidateContents -->
    <test started-at="2021-04-01T18:12:53 IST" name="ValidateTitle" finished-at="2021-04-01T18:13:25 IST" duration-ms="32066">
      <class name="Design.Framework.ValidateTitle">
        <test-method signature="basePageNavigation()[pri:0, instance:Design.Framework.ValidateTitle@209775a9]" started-at="2021-04-01T18:12:53 IST" name="basePageNavigation" finished-at="2021-04-01T18:13:20 IST" duration-ms="26937" status="FAIL">
          <exception class="java.lang.AssertionError">
            <message>
              <![CDATA[expected [FEATURED COURSE] but found [FEATURED COURSES]]]>
            </message>
            <full-stacktrace>
              <![CDATA[java.lang.AssertionError: expected [FEATURED COURSE] but found [FEATURED COURSES]
at org.testng.Assert.fail(Assert.java:99)
at org.testng.Assert.failNotEquals(Assert.java:1037)
at org.testng.Assert.assertEqualsImpl(Assert.java:140)
at org.testng.Assert.assertEquals(Assert.java:122)
at org.testng.Assert.assertEquals(Assert.java:629)
at org.testng.Assert.assertEquals(Assert.java:639)
at Design.Framework.ValidateTitle.basePageNavigation(ValidateTitle.java:31)
at java.base/jdk.internal.reflect.NativeMethodAccessorImpl.invoke0(Native Method)
at java.base/jdk.internal.reflect.NativeMethodAccessorImpl.invoke(NativeMethodAccessorImpl.java:64)
at java.base/jdk.internal.reflect.DelegatingMethodAccessorImpl.invoke(DelegatingMethodAccessorImpl.java:43)
at java.base/java.lang.reflect.Method.invoke(Method.java:564)
at org.testng.internal.MethodInvocationHelper.invokeMethod(MethodInvocationHelper.java:132)
at org.testng.internal.TestInvoker.invokeMethod(TestInvoker.java:599)
at org.testng.internal.TestInvoker.invokeTestMethod(TestInvoker.java:174)
at org.testng.internal.MethodRunner.runInSequence(MethodRunner.java:46)
at org.testng.internal.TestInvoker$MethodInvocationAgent.invoke(TestInvoker.java:822)
at org.testng.internal.TestInvoker.invokeTestMethods(TestInvoker.java:147)
at org.testng.internal.TestMethodWorker.invokeTestMethods(TestMethodWorker.java:146)
at org.testng.internal.TestMethodWorker.run(TestMethodWorker.java:128)
at java.base/java.util.ArrayList.forEach(ArrayList.java:1511)
at org.testng.TestRunner.privateRun(TestRunner.java:764)
at org.testng.TestRunner.run(TestRunner.java:585)
at org.testng.SuiteRunner.runTest(SuiteRunner.java:384)
at org.testng.SuiteRunner.access$000(SuiteRunner.java:28)
at org.testng.SuiteRunner$SuiteWorker.run(SuiteRunner.java:425)
at org.testng.internal.thread.ThreadUtil.lambda$execute$0(ThreadUtil.java:66)
at java.base/java.util.concurrent.FutureTask.run(FutureTask.java:264)
at java.base/java.util.concurrent.ThreadPoolExecutor.runWorker(ThreadPoolExecutor.java:1130)
at java.base/java.util.concurrent.ThreadPoolExecutor$Worker.run(ThreadPoolExecutor.java:630)
at java.base/java.lang.Thread.run(Thread.java:832)
]]>
            </full-stacktrace>
          </exception> <!-- java.lang.AssertionError -->
          <reporter-output>
          </reporter-output>
        </test-method> <!-- basePageNavigation -->
        <test-method is-config="true" signature="close()[pri:0, instance:Design.Framework.ValidateTitle@209775a9]" started-at="2021-04-01T18:13:22 IST" name="close" finished-at="2021-04-01T18:13:25 IST" duration-ms="3219" status="PASS">
          <reporter-output>
          </reporter-output>
        </test-method> <!-- close -->
      </class> <!-- Design.Framework.ValidateTitle -->
    </test> <!-- ValidateTitle -->
    <test started-at="2021-04-01T18:12:53 IST" name="HomePage" finished-at="2021-04-01T18:13:47 IST" duration-ms="54487">
      <class name="Design.Framework.HomePage">
        <test-method signature="basePageNavigation(java.lang.String, java.lang.String)[pri:0, instance:Design.Framework.HomePage@7357a011]" started-at="2021-04-01T18:12:53 IST" name="basePageNavigation" data-provider="getData" finished-at="2021-04-01T18:13:24 IST" duration-ms="30826" status="PASS">
          <params>
            <param index="0">
              <value>
                <![CDATA[pooja]]>
              </value>
            </param>
            <param index="1">
              <value>
                <![CDATA[1234]]>
              </value>
            </param>
          </params>
          <reporter-output>
          </reporter-output>
        </test-method> <!-- basePageNavigation -->
        <test-method signature="basePageNavigation(java.lang.String, java.lang.String)[pri:0, instance:Design.Framework.HomePage@7357a011]" started-at="2021-04-01T18:13:24 IST" name="basePageNavigation" data-provider="getData" finished-at="2021-04-01T18:13:46 IST" duration-ms="22573" status="PASS">
          <params>
            <param index="0">
              <value>
                <![CDATA[arati]]>
              </value>
            </param>
            <param index="1">
              <value>
                <![CDATA[5678]]>
              </value>
            </param>
          </params>
          <reporter-output>
          </reporter-output>
        </test-method> <!-- basePageNavigation -->
        <test-method is-config="true" signature="close()[pri:0, instance:Design.Framework.HomePage@7357a011]" started-at="2021-04-01T18:13:46 IST" name="close" finished-at="2021-04-01T18:13:47 IST" duration-ms="1004" status="PASS">
          <reporter-output>
          </reporter-output>
        </test-method> <!-- close -->
      </class> <!-- Design.Framework.HomePage -->
    </test> <!-- HomePage -->
  </suite> <!-- Suite -->
</testng-results>
